[0.008s] Invoking command in '/home/waritt/robotsim_ws/build/rrr_robot_interfaces': CMAKE_PREFIX_PATH=${CMAKE_PREFIX_PATH}:/opt/ros/humble /usr/bin/cmake --build /home/waritt/robotsim_ws/build/rrr_robot_interfaces -- -j16 -l16
[0.024s] -- Found ament_cmake: 1.3.10 (/opt/ros/humble/share/ament_cmake/cmake)
[0.109s] -- Found geometry_msgs: 4.2.4 (/opt/ros/humble/share/geometry_msgs/cmake)
[0.124s] -- Found rosidl_generator_c: 3.1.5 (/opt/ros/humble/share/rosidl_generator_c/cmake)
[0.126s] -- Found rosidl_adapter: 3.1.5 (/opt/ros/humble/share/rosidl_adapter/cmake)
[0.129s] -- Found rosidl_generator_cpp: 3.1.5 (/opt/ros/humble/share/rosidl_generator_cpp/cmake)
[0.135s] -- Using all available rosidl_typesupport_c: rosidl_typesupport_fastrtps_c;rosidl_typesupport_introspection_c
[0.142s] -- Using all available rosidl_typesupport_cpp: rosidl_typesupport_fastrtps_cpp;rosidl_typesupport_introspection_cpp
[0.164s] -- Found sensor_msgs: 4.2.4 (/opt/ros/humble/share/sensor_msgs/cmake)
[0.174s] -- Found rosidl_default_generators: 1.2.0 (/opt/ros/humble/share/rosidl_default_generators/cmake)
[0.178s] -- Found ament_lint_auto: 0.12.11 (/opt/ros/humble/share/ament_lint_auto/cmake)
[0.345s] [31mCMake Error at /opt/ros/humble/share/rosidl_adapter/cmake/rosidl_adapt_interfaces.cmake:59 (message):
[0.345s]   execute_process(/usr/bin/python3 -m rosidl_adapter --package-name
[0.345s]   rrr_robot_interfaces --arguments-file
[0.345s]   /home/waritt/robotsim_ws/build/rrr_robot_interfaces/rosidl_adapter__arguments__rrr_robot_interfaces.json
[0.345s]   --output-dir
[0.345s]   /home/waritt/robotsim_ws/build/rrr_robot_interfaces/rosidl_adapter/rrr_robot_interfaces
[0.345s]   --output-file
[0.346s]   /home/waritt/robotsim_ws/build/rrr_robot_interfaces/rosidl_adapter/rrr_robot_interfaces.idls)
[0.346s]   returned error code 1:
[0.346s] 
[0.346s]   Error processing 'float ipk_target_x' of
[0.346s]   'rrr_robot_interfaces/RRRIPK_Request': ''float' is an invalid message name.
[0.346s]   It should have the pattern '^[A-Z][A-Za-z0-9]*$''
[0.346s] 
[0.346s]   Traceback (most recent call last):
[0.346s] 
[0.346s]     File "/usr/lib/python3.10/runpy.py", line 196, in _run_module_as_main
[0.346s]       return _run_code(code, main_globals, None,
[0.346s]     File "/usr/lib/python3.10/runpy.py", line 86, in _run_code
[0.346s]       exec(code, run_globals)
[0.346s]     File "/opt/ros/humble/local/lib/python3.10/dist-packages/rosidl_adapter/__main__.py", line 19, in <module>
[0.346s]       sys.exit(main())
[0.346s]     File "/opt/ros/humble/local/lib/python3.10/dist-packages/rosidl_adapter/main.py", line 53, in main
[0.346s]       abs_idl_file = convert_to_idl(
[0.346s]     File "/opt/ros/humble/local/lib/python3.10/dist-packages/rosidl_adapter/__init__.py", line 24, in convert_to_idl
[0.346s]       return convert_srv_to_idl(
[0.346s]     File "/opt/ros/humble/local/lib/python3.10/dist-packages/rosidl_adapter/srv/__init__.py", line 28, in convert_srv_to_idl
[0.346s]       srv = parse_service_string(package_name, input_file.stem, content)
[0.346s]     File "/opt/ros/humble/local/lib/python3.10/dist-packages/rosidl_adapter/parser.py", line 859, in parse_service_string
[0.346s]       request_message = parse_message_string(
[0.346s]     File "/opt/ros/humble/local/lib/python3.10/dist-packages/rosidl_adapter/parser.py", line 520, in parse_message_string
[0.346s]       Type(type_string, context_package_name=pkg_name),
[0.346s]     File "/opt/ros/humble/local/lib/python3.10/dist-packages/rosidl_adapter/parser.py", line 277, in __init__
[0.346s]       super(Type, self).__init__(
[0.347s]     File "/opt/ros/humble/local/lib/python3.10/dist-packages/rosidl_adapter/parser.py", line 205, in __init__
[0.347s]       raise InvalidResourceName(
[0.347s] 
[0.347s]   rosidl_adapter.parser.InvalidResourceName: 'float' is an invalid message
[0.347s]   name.  It should have the pattern '^[A-Z][A-Za-z0-9]*$'
[0.347s] 
[0.347s] Call Stack (most recent call first):
[0.347s]   /opt/ros/humble/share/rosidl_cmake/cmake/rosidl_generate_interfaces.cmake:130 (rosidl_adapt_interfaces)
[0.347s]   CMakeLists.txt:29 (rosidl_generate_interfaces)
[0.347s] 
[0.347s] [0m
[0.347s] -- Configuring incomplete, errors occurred!
[0.347s] See also "/home/waritt/robotsim_ws/build/rrr_robot_interfaces/CMakeFiles/CMakeOutput.log".
[0.349s] gmake: *** [Makefile:1179: cmake_check_build_system] Error 1
[0.351s] Invoked command in '/home/waritt/robotsim_ws/build/rrr_robot_interfaces' returned '2': CMAKE_PREFIX_PATH=${CMAKE_PREFIX_PATH}:/opt/ros/humble /usr/bin/cmake --build /home/waritt/robotsim_ws/build/rrr_robot_interfaces -- -j16 -l16
