[0.008s] Invoking command in '/home/waritt/robotsim_ws/build/rrr_robot_interfaces': CMAKE_PREFIX_PATH=${CMAKE_PREFIX_PATH}:/opt/ros/humble /usr/bin/cmake --build /home/waritt/robotsim_ws/build/rrr_robot_interfaces -- -j16 -l16
[0.023s] -- Found ament_cmake: 1.3.10 (/opt/ros/humble/share/ament_cmake/cmake)
[0.108s] -- Found geometry_msgs: 4.2.4 (/opt/ros/humble/share/geometry_msgs/cmake)
[0.123s] -- Found rosidl_generator_c: 3.1.5 (/opt/ros/humble/share/rosidl_generator_c/cmake)
[0.124s] -- Found rosidl_adapter: 3.1.5 (/opt/ros/humble/share/rosidl_adapter/cmake)
[0.128s] -- Found rosidl_generator_cpp: 3.1.5 (/opt/ros/humble/share/rosidl_generator_cpp/cmake)
[0.133s] -- Using all available rosidl_typesupport_c: rosidl_typesupport_fastrtps_c;rosidl_typesupport_introspection_c
[0.141s] -- Using all available rosidl_typesupport_cpp: rosidl_typesupport_fastrtps_cpp;rosidl_typesupport_introspection_cpp
[0.162s] -- Found sensor_msgs: 4.2.4 (/opt/ros/humble/share/sensor_msgs/cmake)
[0.172s] -- Found rosidl_default_generators: 1.2.0 (/opt/ros/humble/share/rosidl_default_generators/cmake)
[0.176s] -- Found ament_lint_auto: 0.12.11 (/opt/ros/humble/share/ament_lint_auto/cmake)
[0.342s] [31mCMake Error at /opt/ros/humble/share/rosidl_adapter/cmake/rosidl_adapt_interfaces.cmake:59 (message):
[0.342s]   execute_process(/usr/bin/python3 -m rosidl_adapter --package-name
[0.342s]   rrr_robot_interfaces --arguments-file
[0.342s]   /home/waritt/robotsim_ws/build/rrr_robot_interfaces/rosidl_adapter__arguments__rrr_robot_interfaces.json
[0.342s]   --output-dir
[0.342s]   /home/waritt/robotsim_ws/build/rrr_robot_interfaces/rosidl_adapter/rrr_robot_interfaces
[0.342s]   --output-file
[0.342s]   /home/waritt/robotsim_ws/build/rrr_robot_interfaces/rosidl_adapter/rrr_robot_interfaces.idls)
[0.342s]   returned error code 1:
[0.342s] 
[0.342s]   Error processing 'float64 ipk_sol[]' of
[0.342s]   'rrr_robot_interfaces/RRRIPK_Response': ''ipk_sol[]' is an invalid field
[0.342s]   name.  It should have the pattern '^(?!.*__)(?!.*_$)[a-z][a-z0-9_]*$''
[0.342s] 
[0.342s]   Traceback (most recent call last):
[0.342s] 
[0.342s]     File "/usr/lib/python3.10/runpy.py", line 196, in _run_module_as_main
[0.342s]       return _run_code(code, main_globals, None,
[0.342s]     File "/usr/lib/python3.10/runpy.py", line 86, in _run_code
[0.343s]       exec(code, run_globals)
[0.343s]     File "/opt/ros/humble/local/lib/python3.10/dist-packages/rosidl_adapter/__main__.py", line 19, in <module>
[0.343s]       sys.exit(main())
[0.343s]     File "/opt/ros/humble/local/lib/python3.10/dist-packages/rosidl_adapter/main.py", line 53, in main
[0.343s]       abs_idl_file = convert_to_idl(
[0.343s]     File "/opt/ros/humble/local/lib/python3.10/dist-packages/rosidl_adapter/__init__.py", line 24, in convert_to_idl
[0.343s]       return convert_srv_to_idl(
[0.343s]     File "/opt/ros/humble/local/lib/python3.10/dist-packages/rosidl_adapter/srv/__init__.py", line 28, in convert_srv_to_idl
[0.343s]       srv = parse_service_string(package_name, input_file.stem, content)
[0.343s]     File "/opt/ros/humble/local/lib/python3.10/dist-packages/rosidl_adapter/parser.py", line 863, in parse_service_string
[0.343s]       response_message = parse_message_string(
[0.343s]     File "/opt/ros/humble/local/lib/python3.10/dist-packages/rosidl_adapter/parser.py", line 519, in parse_message_string
[0.343s]       fields.append(Field(
[0.343s]     File "/opt/ros/humble/local/lib/python3.10/dist-packages/rosidl_adapter/parser.py", line 354, in __init__
[0.343s]       raise NameError(
[0.343s] 
[0.343s]   NameError: 'ipk_sol[]' is an invalid field name.  It should have the
[0.343s]   pattern '^(?!.*__)(?!.*_$)[a-z][a-z0-9_]*$'
[0.343s] 
[0.343s] Call Stack (most recent call first):
[0.343s]   /opt/ros/humble/share/rosidl_cmake/cmake/rosidl_generate_interfaces.cmake:130 (rosidl_adapt_interfaces)
[0.343s]   CMakeLists.txt:29 (rosidl_generate_interfaces)
[0.343s] 
[0.343s] [0m
[0.343s] -- Configuring incomplete, errors occurred!
[0.343s] See also "/home/waritt/robotsim_ws/build/rrr_robot_interfaces/CMakeFiles/CMakeOutput.log".
[0.346s] gmake: *** [Makefile:1179: cmake_check_build_system] Error 1
[0.348s] Invoked command in '/home/waritt/robotsim_ws/build/rrr_robot_interfaces' returned '2': CMAKE_PREFIX_PATH=${CMAKE_PREFIX_PATH}:/opt/ros/humble /usr/bin/cmake --build /home/waritt/robotsim_ws/build/rrr_robot_interfaces -- -j16 -l16
